sudo apt-get update
    2  sudo apt-get upgrade
    3  ls
    4  sudo apt-key adv --keyserver hkp://keyserver.ubuntu.com:80 --recv 7F0CEB10
    5  echo "deb http://repo.mongodb.org/apt/ubuntu "$(lsb_release -sc)"/mongodb-org/3.0 multiverse" | sudo tee /etc/apt/sources.list.d/mongodb-org-3.0.list
    6  cat /etc/apt/sources.list.d/mongodb-org-3.0.list
    7  sudo apt-get updage
    8  sudo apt-get update
    9  sudo apt-get install -y mongodb-org
   10  mongo
   11  mongod
   12  local-gen
   13  export LC_ALL=C
   14  mongo
   15  sudo install git
   16  sudo apt-get install git
   17  curl -sL https://deb.nodesource.com/setup_0.12 | sudo bash -
   18  sudo apt-get install nodejs
   19  nodejs
   20  node
   21  node --version